<?xml version="1.0" encoding="UTF-8"?>
<!-- Generated by org.testng.reporters.JUnitXMLReporter -->
<testsuite ignored="0" hostname="LAPTOP-MGOFCHQS" failures="0" tests="2" name="TestOnEdg" time="0.028" errors="0" timestamp="2022-06-04T22:15:21 IST">
  <testcase classname="test.TestClass" name="@BeforeTest openBrowser" time="0.0">
    <failure type="java.lang.NullPointerException">
      <![CDATA[java.lang.NullPointerException
at test.TestClass.openBrowser(TestClass.java:47)
... Removed 24 stack frames]]>
    </failure>
  </testcase> <!-- @BeforeTest openBrowser -->
  <testcase classname="test.TestClass" name="@BeforeClass createPOMObject" time="-1.654361121608E9">
    <skipped/>
  </testcase> <!-- @BeforeClass createPOMObject -->
  <testcase classname="test.TestClass" name="@BeforeMethod loginToApplication" time="-1.65436112161E9">
    <skipped/>
  </testcase> <!-- @BeforeMethod loginToApplication -->
  <testcase classname="test.TestClass" name="@AfterMethod logoutFromApplication" time="-1.654361121616E9">
    <skipped/>
  </testcase> <!-- @AfterMethod logoutFromApplication -->
  <testcase classname="test.TestClass" name="@BeforeMethod loginToApplication" time="-1.654361121618E9">
    <skipped/>
  </testcase> <!-- @BeforeMethod loginToApplication -->
  <testcase classname="test.TestClass" name="@AfterMethod logoutFromApplication" time="-1.654361121624E9">
    <skipped/>
  </testcase> <!-- @AfterMethod logoutFromApplication -->
  <testcase classname="test.TestClass" name="@AfterClass closeBrowser" time="-1.654361121627E9">
    <skipped/>
  </testcase> <!-- @AfterClass closeBrowser -->
  <testcase classname="test.TestClass" name="verifyTime_trackTab" time="0.0">
    <skipped/>
  </testcase> <!-- verifyTime_trackTab -->
  <testcase classname="test.TestClass" name="verifyTaskTab" time="0.0">
    <skipped/>
  </testcase> <!-- verifyTaskTab -->
</testsuite> <!-- TestOnEdg -->
