<?xml version="1.0" encoding="UTF-8"?>
<!-- Generated by org.testng.reporters.JUnitXMLReporter -->
<testsuite ignored="0" hostname="LAPTOP-MGOFCHQS" failures="0" tests="2" name="TestOnEdge" time="0.053" errors="0" timestamp="2022-06-04T22:25:15 IST">
  <testcase classname="test.TestClass" name="@BeforeTest openBrowser" time="0.001">
    <failure type="java.lang.NullPointerException">
      <![CDATA[java.lang.NullPointerException
at test.TestClass.openBrowser(TestClass.java:47)
... Removed 24 stack frames]]>
    </failure>
  </testcase> <!-- @BeforeTest openBrowser -->
  <testcase classname="test.TestClass" name="@BeforeClass createPOMObject" time="-1.654361715526E9">
    <skipped/>
  </testcase> <!-- @BeforeClass createPOMObject -->
  <testcase classname="test.TestClass" name="@BeforeMethod loginToApplication" time="-1.654361715533E9">
    <skipped/>
  </testcase> <!-- @BeforeMethod loginToApplication -->
  <testcase classname="test.TestClass" name="@AfterMethod logoutFromApplication" time="-1.654361715545E9">
    <skipped/>
  </testcase> <!-- @AfterMethod logoutFromApplication -->
  <testcase classname="test.TestClass" name="@BeforeMethod loginToApplication" time="-1.654361715551E9">
    <skipped/>
  </testcase> <!-- @BeforeMethod loginToApplication -->
  <testcase classname="test.TestClass" name="@AfterMethod logoutFromApplication" time="-1.654361715557E9">
    <skipped/>
  </testcase> <!-- @AfterMethod logoutFromApplication -->
  <testcase classname="test.TestClass" name="@AfterClass closeBrowser" time="-1.65436171556E9">
    <skipped/>
  </testcase> <!-- @AfterClass closeBrowser -->
  <testcase classname="test.TestClass" name="verifyTime_trackTab" time="0.0">
    <skipped/>
  </testcase> <!-- verifyTime_trackTab -->
  <testcase classname="test.TestClass" name="verifyTaskTab" time="0.0">
    <skipped/>
  </testcase> <!-- verifyTaskTab -->
</testsuite> <!-- TestOnEdge -->
